Build started 01/05/2017 15:57:27.
     1>Project "C:\Users\Usuario\Source\Repos\OPENGL\Practica1\Proyecto.vcxproj" on node 2 (Build target(s)).
     1>ClCompile:
         C:\Program Files (x86)\Microsoft Visual Studio 14.0\VC\bin\CL.exe /c /I.\include\soil\src /I.\Common /I.\include\glm /I.\include\glfw\include /I.\include\glew\include /I.\include\assimp\include /ZI /nologo /W3 /WX- /Od /Oy- /D WIN32 /D _DEBUG /D _CONSOLE /D _UNICODE /D UNICODE /Gm /EHsc /RTC1 /MDd /GS /fp:precise /Zc:wchar_t /Zc:forScope /Zc:inline /Fo"Debug\\" /Fd"Debug\vc140.pdb" /Gd /TP /analyze- /errorReport:prompt src\main.cpp
         main.cpp
     1>c:\users\usuario\source\repos\opengl\practica1\src\main.cpp(165): warning C4244: '=': conversion from 'double' to 'float', possible loss of data
     1>c:\users\usuario\source\repos\opengl\practica1\src\main.cpp(166): warning C4244: '=': conversion from 'double' to 'float', possible loss of data
     1>c:\users\usuario\source\repos\opengl\practica1\src\main.cpp(170): warning C4244: 'argument': conversion from 'double' to 'float', possible loss of data
     1>c:\users\usuario\source\repos\opengl\practica1\src\main.cpp(171): warning C4244: '=': conversion from 'double' to 'float', possible loss of data
     1>c:\users\usuario\source\repos\opengl\practica1\src\main.cpp(172): warning C4244: '=': conversion from 'double' to 'float', possible loss of data
     1>c:\users\usuario\source\repos\opengl\practica1\src\main.cpp(177): warning C4244: 'argument': conversion from 'double' to 'float', possible loss of data
       Link:
         C:\Program Files (x86)\Microsoft Visual Studio 14.0\VC\bin\link.exe /ERRORREPORT:PROMPT /OUT:"C:\Users\Usuario\Source\Repos\OPENGL\Practica1\Debug\Practica1.exe" /INCREMENTAL /NOLOGO /LIBPATH:.\include\soil\lib /LIBPATH:.\include\glew\lib\Release\Win32 /LIBPATH:".\include\glfw\lib-vc2015" /LIBPATH:.\include\assimp\lib\x86 libSOIL.lib opengl32.lib glew32s.lib glfw3.lib assimp.lib kernel32.lib user32.lib gdi32.lib winspool.lib comdlg32.lib advapi32.lib shell32.lib ole32.lib oleaut32.lib uuid.lib odbc32.lib odbccp32.lib /MANIFEST /MANIFESTUAC:"level='asInvoker' uiAccess='false'" /manifest:embed /Debug /PDB:"C:\Users\Usuario\Source\Repos\OPENGL\Practica1\Debug\Practica1.pdb" /SUBSYSTEM:CONSOLE /TLBID:1 /DYNAMICBASE /NXCOMPAT /IMPLIB:"C:\Users\Usuario\Source\Repos\OPENGL\Practica1\Debug\Practica1.lib" /MACHINE:X86 Debug\Camera.obj
         Debug\main.obj
         Debug\Mesh.obj
         Debug\Model.obj
         Debug\Object.obj
         Debug\shader.obj
         Proyecto.vcxproj -> C:\Users\Usuario\Source\Repos\OPENGL\Practica1\Debug\Practica1.exe
     1>Done Building Project "C:\Users\Usuario\Source\Repos\OPENGL\Practica1\Proyecto.vcxproj" (Build target(s)).

Build succeeded.

Time Elapsed 00:00:00.90
